There was an error: An error occurred while trying to interpret the configuration file. - () - {}
There was an error: An error occurred while trying to write to the configuration file. - () - {}
There was an error: An error occurred while trying to interpret the configuration file. - () - {}
There was an error: An error occurred while trying to write to the configuration file. - () - {}
There was an error: An error occurred while trying to interpret the configuration file. - () - {}
There was an error: An error occurred while trying to write to the configuration file. - () - {}
There was an error: An error occurred while trying to interpret the configuration file. - () - {}
There was an error: An error occurred while trying to interpret the configuration file. - () - {}
There was an error: An error occurred while trying to write to the configuration file. - () - {}
There was an error: An error occurred while trying to interpret the configuration file. - () - {}
There was an error: An error occurred while trying to interpret the configuration file. - () - {}
There was an error: An error occurred while trying to write to the configuration file. - () - {}
There was an error: An error occurred while trying to interpret the configuration file. - () - {}
There was an error: An error occurred while trying to write to the configuration file. - () - {}
There was an error: An error occurred while trying to interpret the configuration file. - () - {}
There was an error: An error occurred while trying to write to the configuration file. - () - {}
There was an error: An error occurred while trying to interpret the configuration file. - () - {}
There was an error: An error occurred while trying to write to the configuration file. - () - {}
There was an error: An error occurred while trying to interpret the configuration file. - () - {}
There was an error: An error occurred while trying to write to the configuration file. - () - {}
There was an error: An error occurred while trying to interpret the configuration file. - () - {}
There was an error: An error occurred while trying to write to the configuration file. - () - {}
There was an error: An error occurred while trying to interpret the configuration file. - () - {}
There was an error: An error occurred while trying to write to the configuration file. - () - {}
There was an error: An error occurred while trying to interpret the configuration file. - () - {}
There was an error: An error occurred while trying to write to the configuration file. - () - {}
There was an error: An error occurred while trying to interpret the configuration file. - () - {}
There was an error: An error occurred while trying to interpret the configuration file. - () - {}
There was an error: An error occurred while trying to interpret the configuration file. - () - {}
There was an error: An error occurred while trying to interpret the configuration file. - () - {}
There was an error: An error occurred while trying to interpret the configuration file. - () - {}
There was an error: An error occurred while trying to interpret the configuration file. - () - {}
There was an error: An error occurred while trying to interpret the configuration file. - () - {}
There was an error: An error occurred while trying to interpret the configuration file. - () - {}
There was an error: An error occurred while trying to interpret the configuration file. - () - {}
There was an error: An error occurred while trying to interpret the configuration file. - () - {}
There was an error: An error occurred while trying to interpret the configuration file. - () - {}
There was an error: An error occurred while trying to interpret the configuration file. - () - {}
There was an error: An error occurred while trying to interpret the configuration file. - () - {}
There was an error: An error occurred while trying to interpret the configuration file. - () - {}
There was an error: an error coured adding - () - {}
There was an error: an error coured addingcreeperghost16902 - () - {}
There was an error: an error coured addingLifeKnight - () - {}
There was an error: an error coured addingLifeKnight - () - {}
There was an error: an error coured addingLifeKnight - () - {}
There was an error: an error coured addingLifeKnight - () - {}
There was an error: an error coured addingLifeKnight - () - {}
There was an error: an error coured addingLifeKnight - () - {}
There was an error: an error coured addingLifeKnight - () - {}
There was an error: an error coured addingLifeKnight - () - {}
There was an error: An error occurred while trying to interpret the configuration file. - () - {}
There was an error: an error coured addingLifeKnight - () - {}
There was an error: Error while fetching random streamer. - () - {}
There was an error: Error while fetching random streamer. - () - {}
There was an error: Error while fetching random streamer. - () - {}
[07/21/20 22:15:50] There was an error: An error occurred while trying to interpret the configuration file. - () - {}
[07/21/20 22:17:37] There was an error: An error occurred while trying to interpret the configuration file. - () - {}
[07/21/20 22:18:21] There was an error: An error occurred while trying to interpret the configuration file. - () - {}
[07/21/20 22:18:21] There was an error: An error occurred while trying to write to the configuration file. - () - {}
[07/21/20 22:19:24] There was an error: An error occurred while trying to interpret the configuration file. - () - {}
[07/21/20 22:19:24] There was an error: An error occurred while trying to write to the configuration file. - () - {}
[07/21/20 22:24:42] There was an error: An error occurred while trying to read the configuration file. - () - {}
[07/21/20 22:26:55] There was an error: An error occurred while trying to read the configuration file. - () - {}
[07/22/20 16:22:37] There was an error: An error occurred while trying to parse the contents of the configuration file. - (('Expecting value: line 1 column 1 (char 0)',),) - {}
[07/22/20 17:00:01] There was an error: An error occurred while trying to parse the contents of the configuration file. - (('Expecting value: line 1 column 1 (char 0)',),) - {}
[07/22/20 17:02:49] There was an error: An error occurred while trying to parse the contents of the configuration file. - (('Expecting value: line 1 column 1 (char 0)',),) - {}
[07/22/20 17:07:19] There was an error: An error occurred while trying to parse the contents of the configuration file. - (('Expecting value: line 1 column 1 (char 0)',),) - {}
[07/22/20 17:07:32] There was an error: An error occurred while trying to parse the contents of the configuration file. - (('Expecting value: line 1 column 1 (char 0)',),) - {}
[07/22/20 17:08:43] There was an error: An error occurred while trying to parse the contents of the configuration file. - (('Expecting value: line 1 column 1 (char 0)',),) - {}
[07/22/20 17:15:06] There was an error: An error occurred while trying to parse the contents of the configuration file. - (('Expecting value: line 1 column 1 (char 0)',),) - {}
[07/22/20 17:47:08] There was an error: An error occurred while trying to parse the contents of the configuration file. - (('Expecting value: line 1 column 1 (char 0)',),) - {}
[07/30/20 09:21:40] There was an error: An error occurred while trying to parse the contents of the configuration file. - (('Expecting value: line 1 column 1 (char 0)',),) - {}
