There was an error: An error occurred while trying to interpret the configuration file. - () - {}
There was an error: An error occurred while trying to write to the configuration file. - () - {}
There was an error: An error occurred while trying to interpret the configuration file. - () - {}
There was an error: An error occurred while trying to write to the configuration file. - () - {}
There was an error: An error occurred while trying to interpret the configuration file. - () - {}
There was an error: An error occurred while trying to write to the configuration file. - () - {}
There was an error: An error occurred while trying to interpret the configuration file. - () - {}
There was an error: An error occurred while trying to interpret the configuration file. - () - {}
There was an error: An error occurred while trying to write to the configuration file. - () - {}
There was an error: An error occurred while trying to interpret the configuration file. - () - {}
There was an error: An error occurred while trying to interpret the configuration file. - () - {}
There was an error: An error occurred while trying to write to the configuration file. - () - {}
There was an error: An error occurred while trying to interpret the configuration file. - () - {}
There was an error: An error occurred while trying to write to the configuration file. - () - {}
There was an error: An error occurred while trying to interpret the configuration file. - () - {}
There was an error: An error occurred while trying to write to the configuration file. - () - {}
There was an error: An error occurred while trying to interpret the configuration file. - () - {}
There was an error: An error occurred while trying to write to the configuration file. - () - {}
There was an error: An error occurred while trying to interpret the configuration file. - () - {}
There was an error: An error occurred while trying to write to the configuration file. - () - {}
There was an error: An error occurred while trying to interpret the configuration file. - () - {}
There was an error: An error occurred while trying to write to the configuration file. - () - {}
There was an error: An error occurred while trying to interpret the configuration file. - () - {}
There was an error: An error occurred while trying to write to the configuration file. - () - {}
There was an error: An error occurred while trying to interpret the configuration file. - () - {}
There was an error: An error occurred while trying to write to the configuration file. - () - {}
There was an error: An error occurred while trying to interpret the configuration file. - () - {}
There was an error: An error occurred while trying to interpret the configuration file. - () - {}
There was an error: An error occurred while trying to interpret the configuration file. - () - {}
There was an error: An error occurred while trying to interpret the configuration file. - () - {}
There was an error: An error occurred while trying to interpret the configuration file. - () - {}
There was an error: An error occurred while trying to interpret the configuration file. - () - {}
There was an error: An error occurred while trying to interpret the configuration file. - () - {}
There was an error: An error occurred while trying to interpret the configuration file. - () - {}
There was an error: An error occurred while trying to interpret the configuration file. - () - {}
There was an error: An error occurred while trying to interpret the configuration file. - () - {}
There was an error: An error occurred while trying to interpret the configuration file. - () - {}
There was an error: An error occurred while trying to interpret the configuration file. - () - {}
There was an error: An error occurred while trying to interpret the configuration file. - () - {}
There was an error: An error occurred while trying to interpret the configuration file. - () - {}
There was an error: an error coured adding - () - {}
There was an error: an error coured addingcreeperghost16902 - () - {}
There was an error: an error coured addingLifeKnight - () - {}
There was an error: an error coured addingLifeKnight - () - {}
There was an error: an error coured addingLifeKnight - () - {}
There was an error: an error coured addingLifeKnight - () - {}
There was an error: an error coured addingLifeKnight - () - {}
There was an error: an error coured addingLifeKnight - () - {}
There was an error: an error coured addingLifeKnight - () - {}
There was an error: an error coured addingLifeKnight - () - {}
There was an error: An error occurred while trying to interpret the configuration file. - () - {}
There was an error: an error coured addingLifeKnight - () - {}
